<?xml version="1.0" encoding="UTF-8"?>
<!-- Generated by org.testng.reporters.JUnitReportReporter -->
<testsuite hostname="ULTP_166" name="Snapshot.AWSTest.DataProviderTest" tests="1" failures="0" timestamp="10 May 2016 08:50:07 GMT" time="11.491" errors="0">
  <testcase name="test" time="11.491" classname="Snapshot.AWSTest.DataProviderTest"/>
</testsuite> <!-- Snapshot.AWSTest.DataProviderTest -->
